d:\cpp_game\portfolio\server\server\gameserver\x64\debug\vc143.pdb
d:\cpp_game\portfolio\server\server\gameserver\x64\debug\vc143.idb
d:\cpp_game\portfolio\server\server\gameserver\x64\debug\utils.obj
d:\cpp_game\portfolio\server\server\gameserver\x64\debug\room.obj
d:\cpp_game\portfolio\server\server\gameserver\x64\debug\serverpackethandler.obj
d:\cpp_game\portfolio\server\server\gameserver\x64\debug\player.obj
d:\cpp_game\portfolio\server\server\gameserver\x64\debug\objectutils.obj
d:\cpp_game\portfolio\server\server\gameserver\x64\debug\object.obj
d:\cpp_game\portfolio\server\server\gameserver\x64\debug\monster.obj
d:\cpp_game\portfolio\server\server\gameserver\x64\debug\gamesessionmanager.obj
d:\cpp_game\portfolio\server\server\gameserver\x64\debug\gamesession.obj
d:\cpp_game\portfolio\server\server\gameserver\x64\debug\gameserver.obj
d:\cpp_game\portfolio\server\server\gameserver\x64\debug\creature.obj
d:\cpp_game\portfolio\server\server\gameserver\x64\debug\struct.pb.obj
d:\cpp_game\portfolio\server\server\gameserver\x64\debug\protocol.pb.obj
d:\cpp_game\portfolio\server\server\gameserver\x64\debug\enum.pb.obj
d:\cpp_game\portfolio\server\server\gameserver\x64\debug\creaturedata.obj
d:\cpp_game\portfolio\server\server\binary\debug\gameserver.exe
d:\cpp_game\portfolio\server\server\binary\debug\gameserver.pdb
d:\cpp_game\portfolio\server\server\gameserver\x64\debug\gameserver.ilk
d:\cpp_game\portfolio\server\server\gameserver\x64\debug\gameserver.tlog\cl.command.1.tlog
d:\cpp_game\portfolio\server\server\gameserver\x64\debug\gameserver.tlog\cl.items.tlog
d:\cpp_game\portfolio\server\server\gameserver\x64\debug\gameserver.tlog\cl.read.1.tlog
d:\cpp_game\portfolio\server\server\gameserver\x64\debug\gameserver.tlog\cl.write.1.tlog
d:\cpp_game\portfolio\server\server\gameserver\x64\debug\gameserver.tlog\link.command.1.tlog
d:\cpp_game\portfolio\server\server\gameserver\x64\debug\gameserver.tlog\link.read.1.tlog
d:\cpp_game\portfolio\server\server\gameserver\x64\debug\gameserver.tlog\link.secondary.1.tlog
d:\cpp_game\portfolio\server\server\gameserver\x64\debug\gameserver.tlog\link.write.1.tlog
