GameServer.obj : error LNK2001: 확인할 수 없는 외부 기호 "public: virtual __cdecl PacketSession::~PacketSession(void)" (??1PacketSession@@UEAA@XZ)
GameServer.obj : error LNK2001: 확인할 수 없는 외부 기호 "public: bool __cdecl IocpCore::Dispatch(unsigned int)" (?Dispatch@IocpCore@@QEAA_NI@Z)
GameServer.obj : error LNK2001: 확인할 수 없는 외부 기호 "public: __cdecl NetAddress::NetAddress(class std::basic_string<wchar_t,struct std::char_traits<wchar_t>,class std::allocator<wchar_t> >,unsigned short)" (??0NetAddress@@QEAA@V?$basic_string@_WU?$char_traits@_W@std@@V?$allocator@_W@2@@std@@G@Z)
GameServer.obj : error LNK2001: 확인할 수 없는 외부 기호 "public: void __cdecl ThreadManager::Launch(class std::function<void __cdecl(void)>)" (?Launch@ThreadManager@@QEAAXV?$function@$$A6AXXZ@std@@@Z)
GameServer.obj : error LNK2001: 확인할 수 없는 외부 기호 "class ThreadManager * GThreadManager" (?GThreadManager@@3PEAVThreadManager@@EA)
GameServer.obj : error LNK2001: 확인할 수 없는 외부 기호 "public: void __cdecl ThreadManager::Join(void)" (?Join@ThreadManager@@QEAAXXZ)
GameServer.obj : error LNK2001: 확인할 수 없는 외부 기호 "public: static void * __cdecl PoolAllocator::Alloc(int)" (?Alloc@PoolAllocator@@SAPEAXH@Z)
GameServer.obj : error LNK2001: 확인할 수 없는 외부 기호 "public: __cdecl IocpCore::IocpCore(void)" (??0IocpCore@@QEAA@XZ)
GameServer.obj : error LNK2001: 확인할 수 없는 외부 기호 "public: static void __cdecl PoolAllocator::Release(void *)" (?Release@PoolAllocator@@SAXPEAX@Z)
GameServer.obj : error LNK2001: 확인할 수 없는 외부 기호 "public: __cdecl ServerService::ServerService(class NetAddress,class std::shared_ptr<class IocpCore>,class std::function<class std::shared_ptr<class Session> __cdecl(void)>,int)" (??0ServerService@@QEAA@VNetAddress@@V?$shared_ptr@VIocpCore@@@std@@V?$function@$$A6A?AV?$shared_ptr@VSession@@@std@@XZ@3@H@Z)
GameServer.obj : error LNK2001: 확인할 수 없는 외부 기호 "public: __cdecl IocpCore::~IocpCore(void)" (??1IocpCore@@QEAA@XZ)
GameServer.obj : error LNK2001: 확인할 수 없는 외부 기호 "public: __cdecl PacketSession::PacketSession(void)" (??0PacketSession@@QEAA@XZ)
GameServer.obj : error LNK2001: 확인할 수 없는 외부 기호 "private: virtual void * __cdecl Session::GetHandle(void)" (?GetHandle@Session@@EEAAPEAXXZ)
GameServer.obj : error LNK2001: 확인할 수 없는 외부 기호 "private: virtual void __cdecl Session::Dispatch(class IocpEvent *,int)" (?Dispatch@Session@@EEAAXPEAVIocpEvent@@H@Z)
GameServer.obj : error LNK2001: 확인할 수 없는 외부 기호 "protected: virtual int __cdecl PacketSession::OnRecv(unsigned char *,int)" (?OnRecv@PacketSession@@MEAAHPEAEH@Z)
GameSessionManager.obj : error LNK2001: 확인할 수 없는 외부 기호 "public: void __cdecl Lock::WriteLock(char const *)" (?WriteLock@Lock@@QEAAXPEBD@Z)
GameSessionManager.obj : error LNK2001: 확인할 수 없는 외부 기호 "public: void __cdecl Lock::WriteUnlock(char const *)" (?WriteUnlock@Lock@@QEAAXPEBD@Z)
GameSessionManager.obj : error LNK2001: 확인할 수 없는 외부 기호 "public: void __cdecl Session::Send(class std::shared_ptr<class SendBuffer>)" (?Send@Session@@QEAAXV?$shared_ptr@VSendBuffer@@@std@@@Z)
ServerPacketHandler.obj : error LNK2001: 확인할 수 없는 외부 기호 "public: __cdecl BufferReader::BufferReader(unsigned char *,unsigned int,unsigned int)" (??0BufferReader@@QEAA@PEAEII@Z)
ServerPacketHandler.obj : error LNK2001: 확인할 수 없는 외부 기호 "public: __cdecl BufferReader::~BufferReader(void)" (??1BufferReader@@QEAA@XZ)
ServerPacketHandler.obj : error LNK2001: 확인할 수 없는 외부 기호 "public: bool __cdecl BufferReader::Peek(void *,unsigned int)" (?Peek@BufferReader@@QEAA_NPEAXI@Z)
ServerPacketHandler.obj : error LNK2001: 확인할 수 없는 외부 기호 "public: class std::shared_ptr<class SendBuffer> __cdecl SendBufferManager::Open(unsigned int)" (?Open@SendBufferManager@@QEAA?AV?$shared_ptr@VSendBuffer@@@std@@I@Z)
ServerPacketHandler.obj : error LNK2001: 확인할 수 없는 외부 기호 "class SendBufferManager * GSendBufferManager" (?GSendBufferManager@@3PEAVSendBufferManager@@EA)
ServerPacketHandler.obj : error LNK2001: 확인할 수 없는 외부 기호 "public: void __cdecl SendBuffer::Close(unsigned int)" (?Close@SendBuffer@@QEAAXI@Z)
D:\CPP_Game\Portfolio\Server\Server\Binary\Release\GameServer.exe : fatal error LNK1120: 24개의 확인할 수 없는 외부 참조입니다.
